# JRE version: OpenJDK Runtime Environment Temurin-21.0.10+7 (21.0.10+7) (build 21.0.10+7-LTS)
# Java VM: OpenJDK 64-Bit Server VM Temurin-21.0.10+7 (21.0.10+7-LTS, mixed mode, sharing, tiered, compressed oops, compressed class ptrs, g1 gc, windows-amd64)
GC Precious Log:
 CardTable entry size: 512
 Card Set container configuration: InlinePtr #cards 5 size 8 Array Of Cards #cards 12 size 40 Howl #buckets 4 coarsen threshold 1843 Howl Bitmap #cards 512 size 80 coarsen threshold 460 Card regions per heap region 1 cards per card region 2048
 CPUs: 12 total, 12 available
 Memory: 7581M
 Large Page Support: Disabled
 NUMA Support: Disabled
 Compressed Oops: Enabled (32-bit)
 Heap Region Size: 1M
 Heap Min Capacity: 256M
 Heap Initial Capacity: 256M
 Heap Max Capacity: 512M
 Pre-touch: Disabled
 Parallel Workers: 10
 Concurrent Workers: 3
 Concurrent Refinement Workers: 10
 Periodic GC: Disabled
Heap:
 garbage-first heap   total 262144K, used 140241K [0x00000000e0000000, 0x0000000100000000)
  region size 1024K, 104 young (106496K), 13 survivors (13312K)
 Metaspace       used 65184K, committed 67072K, reserved 393216K
  class space    used 9508K, committed 10432K, reserved 327680K
GC Heap History (14 events):
Event: 1.895 GC heap before
{Heap before GC invocations=0 (full 0):
 garbage-first heap   total 262144K, used 26624K [0x00000000e0000000, 0x0000000100000000)
  region size 1024K, 23 young (23552K), 0 survivors (0K)
 Metaspace       used 2071K, committed 2240K, reserved 393216K
  class space    used 226K, committed 320K, reserved 327680K
}
Event: 1.913 GC heap after
{Heap after GC invocations=1 (full 0):
 garbage-first heap   total 262144K, used 10293K [0x00000000e0000000, 0x0000000100000000)
  region size 1024K, 3 young (3072K), 3 survivors (3072K)
 Metaspace       used 2071K, committed 2240K, reserved 393216K
  class space    used 226K, committed 320K, reserved 327680K
}
Event: 3.416 GC heap before
{Heap before GC invocations=1 (full 0):
 garbage-first heap   total 262144K, used 38965K [0x00000000e0000000, 0x0000000100000000)
  region size 1024K, 31 young (31744K), 3 survivors (3072K)
 Metaspace       used 4144K, committed 4352K, reserved 393216K
  class space    used 526K, committed 640K, reserved 327680K
}
Event: 3.421 GC heap after
{Heap after GC invocations=2 (full 0):
 garbage-first heap   total 262144K, used 11777K [0x00000000e0000000, 0x0000000100000000)
  region size 1024K, 2 young (2048K), 2 survivors (2048K)
 Metaspace       used 4144K, committed 4352K, reserved 393216K
  class space    used 526K, committed 640K, reserved 327680K
}
Event: 8.810 GC heap before
{Heap before GC invocations=2 (full 0):
 garbage-first heap   total 262144K, used 98817K [0x00000000e0000000, 0x0000000100000000)
  region size 1024K, 85 young (87040K), 2 survivors (2048K)
 Metaspace       used 16411K, committed 16960K, reserved 393216K
  class space    used 2329K, committed 2560K, reserved 327680K
}
Event: 8.828 GC heap after
{Heap after GC invocations=3 (full 0):
 garbage-first heap   total 262144K, used 21588K [0x00000000e0000000, 0x0000000100000000)
  region size 1024K, 10 young (10240K), 10 survivors (10240K)
 Metaspace       used 16411K, committed 16960K, reserved 393216K
  class space    used 2329K, committed 2560K, reserved 327680K
}
Event: 10.346 GC heap before
{Heap before GC invocations=3 (full 0):
 garbage-first heap   total 262144K, used 55380K [0x00000000e0000000, 0x0000000100000000)
  region size 1024K, 44 young (45056K), 10 survivors (10240K)
 Metaspace       used 20854K, committed 21504K, reserved 393216K
  class space    used 3074K, committed 3392K, reserved 327680K
}
Event: 10.357 GC heap after
{Heap after GC invocations=4 (full 0):
 garbage-first heap   total 262144K, used 24307K [0x00000000e0000000, 0x0000000100000000)
  region size 1024K, 13 young (13312K), 13 survivors (13312K)
 Metaspace       used 20854K, committed 21504K, reserved 393216K
  class space    used 3074K, committed 3392K, reserved 327680K
}
Event: 14.926 GC heap before
{Heap before GC invocations=5 (full 0):
 garbage-first heap   total 262144K, used 132851K [0x00000000e0000000, 0x0000000100000000)
  region size 1024K, 121 young (123904K), 13 survivors (13312K)
 Metaspace       used 34678K, committed 35968K, reserved 393216K
  class space    used 5050K, committed 5696K, reserved 327680K
}
Event: 14.948 GC heap after
{Heap after GC invocations=6 (full 0):
 garbage-first heap   total 262144K, used 33095K [0x00000000e0000000, 0x0000000100000000)
  region size 1024K, 12 young (12288K), 12 survivors (12288K)
 Metaspace       used 34678K, committed 35968K, reserved 393216K
  class space    used 5050K, committed 5696K, reserved 327680K
}
Event: 24.049 GC heap before
{Heap before GC invocations=7 (full 0):
 garbage-first heap   total 262144K, used 178503K [0x00000000e0000000, 0x0000000100000000)
  region size 1024K, 153 young (156672K), 12 survivors (12288K)
 Metaspace       used 52374K, committed 54016K, reserved 393216K
  class space    used 7702K, committed 8512K, reserved 327680K
}
Event: 24.068 GC heap after
{Heap after GC invocations=8 (full 0):
 garbage-first heap   total 262144K, used 39975K [0x00000000e0000000, 0x0000000100000000)
  region size 1024K, 19 young (19456K), 19 survivors (19456K)
 Metaspace       used 52374K, committed 54016K, reserved 393216K
  class space    used 7702K, committed 8512K, reserved 327680K
}
Event: 27.447 GC heap before
{Heap before GC invocations=8 (full 0):
 garbage-first heap   total 262144K, used 92199K [0x00000000e0000000, 0x0000000100000000)
  region size 1024K, 71 young (72704K), 19 survivors (19456K)
 Metaspace       used 58442K, committed 60096K, reserved 393216K
  class space    used 8430K, committed 9280K, reserved 327680K
}
Event: 27.466 GC heap after
{Heap after GC invocations=9 (full 0):
 garbage-first heap   total 262144K, used 43985K [0x00000000e0000000, 0x0000000100000000)
  region size 1024K, 13 young (13312K), 13 survivors (13312K)
 Metaspace       used 58442K, committed 60096K, reserved 393216K
  class space    used 8430K, committed 9280K, reserved 327680K
}

