# JRE version: Java(TM) SE Runtime Environment (21.0.2+13) (build 21.0.2+13-LTS-58)
# Java VM: Java HotSpot(TM) 64-Bit Server VM (21.0.2+13-LTS-58, mixed mode, sharing, tiered, compressed oops, compressed class ptrs, g1 gc, windows-amd64)
GC Precious Log:
 CardTable entry size: 512
 Card Set container configuration: InlinePtr #cards 5 size 8 Array Of Cards #cards 12 size 40 Howl #buckets 4 coarsen threshold 1843 Howl Bitmap #cards 512 size 80 coarsen threshold 460 Card regions per heap region 1 cards per card region 2048
 CPUs: 12 total, 12 available
 Memory: 7581M
 Large Page Support: Disabled
 NUMA Support: Disabled
 Compressed Oops: Enabled (32-bit)
 Heap Region Size: 1M
 Heap Min Capacity: 8M
 Heap Initial Capacity: 120M
 Heap Max Capacity: 2G
 Pre-touch: Disabled
 Parallel Workers: 10
 Concurrent Workers: 3
 Concurrent Refinement Workers: 10
 Periodic GC: Disabled
Heap:
 garbage-first heap   total 260096K, used 193332K [0x0000000080000000, 0x0000000100000000)
  region size 1024K, 52 young (53248K), 8 survivors (8192K)
 Metaspace       used 128823K, committed 131456K, reserved 557056K
  class space    used 17088K, committed 18368K, reserved 425984K
GC Heap History (20 events):
Event: 23.599 GC heap before
{Heap before GC invocations=24 (full 0):
 garbage-first heap   total 161792K, used 148682K [0x0000000080000000, 0x0000000100000000)
  region size 1024K, 50 young (51200K), 3 survivors (3072K)
 Metaspace       used 82868K, committed 84992K, reserved 557056K
  class space    used 11962K, committed 12992K, reserved 425984K
}
Event: 23.605 GC heap after
{Heap after GC invocations=25 (full 0):
 garbage-first heap   total 161792K, used 94106K [0x0000000080000000, 0x0000000100000000)
  region size 1024K, 4 young (4096K), 4 survivors (4096K)
 Metaspace       used 82868K, committed 84992K, reserved 557056K
  class space    used 11962K, committed 12992K, reserved 425984K
}
Event: 24.824 GC heap before
{Heap before GC invocations=26 (full 0):
 garbage-first heap   total 171008K, used 146330K [0x0000000080000000, 0x0000000100000000)
  region size 1024K, 56 young (57344K), 4 survivors (4096K)
 Metaspace       used 86455K, committed 88576K, reserved 557056K
  class space    used 12370K, committed 13440K, reserved 425984K
}
Event: 24.831 GC heap after
{Heap after GC invocations=27 (full 0):
 garbage-first heap   total 171008K, used 96851K [0x0000000080000000, 0x0000000100000000)
  region size 1024K, 6 young (6144K), 6 survivors (6144K)
 Metaspace       used 86455K, committed 88576K, reserved 557056K
  class space    used 12370K, committed 13440K, reserved 425984K
}
Event: 25.964 GC heap before
{Heap before GC invocations=27 (full 0):
 garbage-first heap   total 171008K, used 162387K [0x0000000080000000, 0x0000000100000000)
  region size 1024K, 63 young (64512K), 6 survivors (6144K)
 Metaspace       used 93718K, committed 96000K, reserved 557056K
  class space    used 13256K, committed 14336K, reserved 425984K
}
Event: 25.977 GC heap after
{Heap after GC invocations=28 (full 0):
 garbage-first heap   total 175104K, used 107374K [0x0000000080000000, 0x0000000100000000)
  region size 1024K, 8 young (8192K), 8 survivors (8192K)
 Metaspace       used 93718K, committed 96000K, reserved 557056K
  class space    used 13256K, committed 14336K, reserved 425984K
}
Event: 26.377 GC heap before
{Heap before GC invocations=28 (full 0):
 garbage-first heap   total 175104K, used 156526K [0x0000000080000000, 0x0000000100000000)
  region size 1024K, 56 young (57344K), 8 survivors (8192K)
 Metaspace       used 93841K, committed 96128K, reserved 557056K
  class space    used 13261K, committed 14336K, reserved 425984K
}
Event: 26.397 GC heap after
{Heap after GC invocations=29 (full 0):
 garbage-first heap   total 180224K, used 115328K [0x0000000080000000, 0x0000000100000000)
  region size 1024K, 7 young (7168K), 7 survivors (7168K)
 Metaspace       used 93841K, committed 96128K, reserved 557056K
  class space    used 13261K, committed 14336K, reserved 425984K
}
Event: 27.300 GC heap before
{Heap before GC invocations=30 (full 0):
 garbage-first heap   total 199680K, used 166528K [0x0000000080000000, 0x0000000100000000)
  region size 1024K, 50 young (51200K), 7 survivors (7168K)
 Metaspace       used 97416K, committed 99584K, reserved 557056K
  class space    used 13681K, committed 14720K, reserved 425984K
}
Event: 27.310 GC heap after
{Heap after GC invocations=31 (full 0):
 garbage-first heap   total 199680K, used 127808K [0x0000000080000000, 0x0000000100000000)
  region size 1024K, 4 young (4096K), 4 survivors (4096K)
 Metaspace       used 97416K, committed 99584K, reserved 557056K
  class space    used 13681K, committed 14720K, reserved 425984K
}
Event: 28.335 GC heap before
{Heap before GC invocations=31 (full 0):
 garbage-first heap   total 199680K, used 179008K [0x0000000080000000, 0x0000000100000000)
  region size 1024K, 54 young (55296K), 4 survivors (4096K)
 Metaspace       used 103040K, committed 105216K, reserved 557056K
  class space    used 14186K, committed 15232K, reserved 425984K
}
Event: 28.343 GC heap after
{Heap after GC invocations=32 (full 0):
 garbage-first heap   total 199680K, used 131400K [0x0000000080000000, 0x0000000100000000)
  region size 1024K, 7 young (7168K), 7 survivors (7168K)
 Metaspace       used 103040K, committed 105216K, reserved 557056K
  class space    used 14186K, committed 15232K, reserved 425984K
}
Event: 29.345 GC heap before
{Heap before GC invocations=32 (full 0):
 garbage-first heap   total 199680K, used 180552K [0x0000000080000000, 0x0000000100000000)
  region size 1024K, 55 young (56320K), 7 survivors (7168K)
 Metaspace       used 108273K, committed 110784K, reserved 557056K
  class space    used 14897K, committed 16128K, reserved 425984K
}
Event: 29.354 GC heap after
{Heap after GC invocations=33 (full 0):
 garbage-first heap   total 199680K, used 134747K [0x0000000080000000, 0x0000000100000000)
  region size 1024K, 4 young (4096K), 4 survivors (4096K)
 Metaspace       used 108273K, committed 110784K, reserved 557056K
  class space    used 14897K, committed 16128K, reserved 425984K
}
Event: 30.192 GC heap before
{Heap before GC invocations=34 (full 0):
 garbage-first heap   total 235520K, used 183899K [0x0000000080000000, 0x0000000100000000)
  region size 1024K, 51 young (52224K), 4 survivors (4096K)
 Metaspace       used 112097K, committed 114688K, reserved 557056K
  class space    used 15371K, committed 16640K, reserved 425984K
}
Event: 30.197 GC heap after
{Heap after GC invocations=35 (full 0):
 garbage-first heap   total 235520K, used 136174K [0x0000000080000000, 0x0000000100000000)
  region size 1024K, 5 young (5120K), 5 survivors (5120K)
 Metaspace       used 112097K, committed 114688K, reserved 557056K
  class space    used 15371K, committed 16640K, reserved 425984K
}
Event: 31.847 GC heap before
{Heap before GC invocations=35 (full 0):
 garbage-first heap   total 235520K, used 213998K [0x0000000080000000, 0x0000000100000000)
  region size 1024K, 81 young (82944K), 5 survivors (5120K)
 Metaspace       used 116956K, committed 119488K, reserved 557056K
  class space    used 15886K, committed 17152K, reserved 425984K
}
Event: 31.861 GC heap after
{Heap after GC invocations=36 (full 0):
 garbage-first heap   total 235520K, used 140513K [0x0000000080000000, 0x0000000100000000)
  region size 1024K, 11 young (11264K), 11 survivors (11264K)
 Metaspace       used 116956K, committed 119488K, reserved 557056K
  class space    used 15886K, committed 17152K, reserved 425984K
}
Event: 33.918 GC heap before
{Heap before GC invocations=36 (full 0):
 garbage-first heap   total 235520K, used 211169K [0x0000000080000000, 0x0000000100000000)
  region size 1024K, 80 young (81920K), 11 survivors (11264K)
 Metaspace       used 123033K, committed 125568K, reserved 557056K
  class space    used 16444K, committed 17664K, reserved 425984K
}
Event: 33.938 GC heap after
{Heap after GC invocations=37 (full 0):
 garbage-first heap   total 235520K, used 149300K [0x0000000080000000, 0x0000000100000000)
  region size 1024K, 8 young (8192K), 8 survivors (8192K)
 Metaspace       used 123033K, committed 125568K, reserved 557056K
  class space    used 16444K, committed 17664K, reserved 425984K
}

