# JRE version: Java(TM) SE Runtime Environment (21.0.2+13) (build 21.0.2+13-LTS-58)
# Java VM: Java HotSpot(TM) 64-Bit Server VM (21.0.2+13-LTS-58, mixed mode, sharing, tiered, compressed oops, compressed class ptrs, g1 gc, windows-amd64)
GC Precious Log:
 CardTable entry size: 512
 Card Set container configuration: InlinePtr #cards 5 size 8 Array Of Cards #cards 12 size 40 Howl #buckets 4 coarsen threshold 1843 Howl Bitmap #cards 512 size 80 coarsen threshold 460 Card regions per heap region 1 cards per card region 2048
 CPUs: 12 total, 12 available
 Memory: 7581M
 Large Page Support: Disabled
 NUMA Support: Disabled
 Compressed Oops: Enabled (32-bit)
 Heap Region Size: 1M
 Heap Min Capacity: 8M
 Heap Initial Capacity: 120M
 Heap Max Capacity: 2G
 Pre-touch: Disabled
 Parallel Workers: 10
 Concurrent Workers: 3
 Concurrent Refinement Workers: 10
 Periodic GC: Disabled
Heap:
 garbage-first heap   total 236544K, used 200237K [0x0000000080000000, 0x0000000100000000)
  region size 1024K, 105 young (107520K), 10 survivors (10240K)
 Metaspace       used 83207K, committed 85376K, reserved 557056K
  class space    used 11589K, committed 12672K, reserved 425984K
GC Heap History (20 events):
Event: 13.642 GC heap before
{Heap before GC invocations=16 (full 0):
 garbage-first heap   total 119808K, used 62731K [0x0000000080000000, 0x0000000100000000)
  region size 1024K, 9 young (9216K), 1 survivors (1024K)
 Metaspace       used 59115K, committed 61056K, reserved 491520K
  class space    used 8535K, committed 9536K, reserved 425984K
}
Event: 13.646 GC heap after
{Heap after GC invocations=17 (full 0):
 garbage-first heap   total 119808K, used 55827K [0x0000000080000000, 0x0000000100000000)
  region size 1024K, 2 young (2048K), 2 survivors (2048K)
 Metaspace       used 59115K, committed 61056K, reserved 491520K
  class space    used 8535K, committed 9536K, reserved 425984K
}
Event: 14.611 GC heap before
{Heap before GC invocations=18 (full 0):
 garbage-first heap   total 119808K, used 111123K [0x0000000080000000, 0x0000000100000000)
  region size 1024K, 48 young (49152K), 2 survivors (2048K)
 Metaspace       used 62723K, committed 64640K, reserved 491520K
  class space    used 9003K, committed 9920K, reserved 425984K
}
Event: 14.615 GC heap after
{Heap after GC invocations=19 (full 0):
 garbage-first heap   total 119808K, used 67139K [0x0000000080000000, 0x0000000100000000)
  region size 1024K, 5 young (5120K), 5 survivors (5120K)
 Metaspace       used 62723K, committed 64640K, reserved 491520K
  class space    used 9003K, committed 9920K, reserved 425984K
}
Event: 15.232 GC heap before
{Heap before GC invocations=19 (full 0):
 garbage-first heap   total 119808K, used 106051K [0x0000000080000000, 0x0000000100000000)
  region size 1024K, 43 young (44032K), 5 survivors (5120K)
 Metaspace       used 65207K, committed 67136K, reserved 491520K
  class space    used 9349K, committed 10304K, reserved 425984K
}
Event: 15.238 GC heap after
{Heap after GC invocations=20 (full 0):
 garbage-first heap   total 119808K, used 67939K [0x0000000080000000, 0x0000000100000000)
  region size 1024K, 6 young (6144K), 6 survivors (6144K)
 Metaspace       used 65207K, committed 67136K, reserved 491520K
  class space    used 9349K, committed 10304K, reserved 425984K
}
Event: 15.907 GC heap before
{Heap before GC invocations=20 (full 0):
 garbage-first heap   total 119808K, used 103779K [0x0000000080000000, 0x0000000100000000)
  region size 1024K, 42 young (43008K), 6 survivors (6144K)
 Metaspace       used 67031K, committed 68992K, reserved 491520K
  class space    used 9595K, committed 10560K, reserved 425984K
}
Event: 15.915 GC heap after
{Heap after GC invocations=21 (full 0):
 garbage-first heap   total 119808K, used 71445K [0x0000000080000000, 0x0000000100000000)
  region size 1024K, 6 young (6144K), 6 survivors (6144K)
 Metaspace       used 67031K, committed 68992K, reserved 491520K
  class space    used 9595K, committed 10560K, reserved 425984K
}
Event: 16.825 GC heap before
{Heap before GC invocations=22 (full 0):
 garbage-first heap   total 124928K, used 105237K [0x0000000080000000, 0x0000000100000000)
  region size 1024K, 39 young (39936K), 6 survivors (6144K)
 Metaspace       used 68823K, committed 70848K, reserved 491520K
  class space    used 9848K, committed 10816K, reserved 425984K
}
Event: 16.835 GC heap after
{Heap after GC invocations=23 (full 0):
 garbage-first heap   total 124928K, used 74833K [0x0000000080000000, 0x0000000100000000)
  region size 1024K, 5 young (5120K), 5 survivors (5120K)
 Metaspace       used 68823K, committed 70848K, reserved 491520K
  class space    used 9848K, committed 10816K, reserved 425984K
}
Event: 20.396 GC heap before
{Heap before GC invocations=23 (full 0):
 garbage-first heap   total 124928K, used 111697K [0x0000000080000000, 0x0000000100000000)
  region size 1024K, 41 young (41984K), 5 survivors (5120K)
 Metaspace       used 71609K, committed 73664K, reserved 491520K
  class space    used 10222K, committed 11264K, reserved 425984K
}
Event: 20.406 GC heap after
{Heap after GC invocations=24 (full 0):
 garbage-first heap   total 124928K, used 76482K [0x0000000080000000, 0x0000000100000000)
  region size 1024K, 4 young (4096K), 4 survivors (4096K)
 Metaspace       used 71609K, committed 73664K, reserved 491520K
  class space    used 10222K, committed 11264K, reserved 425984K
}
Event: 22.567 GC heap before
{Heap before GC invocations=24 (full 0):
 garbage-first heap   total 124928K, used 111298K [0x0000000080000000, 0x0000000100000000)
  region size 1024K, 39 young (39936K), 4 survivors (4096K)
 Metaspace       used 73616K, committed 75712K, reserved 491520K
  class space    used 10584K, committed 11648K, reserved 425984K
}
Event: 22.576 GC heap after
{Heap after GC invocations=25 (full 0):
 garbage-first heap   total 124928K, used 81667K [0x0000000080000000, 0x0000000100000000)
  region size 1024K, 5 young (5120K), 5 survivors (5120K)
 Metaspace       used 73616K, committed 75712K, reserved 491520K
  class space    used 10584K, committed 11648K, reserved 425984K
}
Event: 23.336 GC heap before
{Heap before GC invocations=26 (full 0):
 garbage-first heap   total 140288K, used 111363K [0x0000000080000000, 0x0000000100000000)
  region size 1024K, 34 young (34816K), 5 survivors (5120K)
 Metaspace       used 75009K, committed 77184K, reserved 557056K
  class space    used 10752K, committed 11840K, reserved 425984K
}
Event: 23.346 GC heap after
{Heap after GC invocations=27 (full 0):
 garbage-first heap   total 140288K, used 86546K [0x0000000080000000, 0x0000000100000000)
  region size 1024K, 5 young (5120K), 5 survivors (5120K)
 Metaspace       used 75009K, committed 77184K, reserved 557056K
  class space    used 10752K, committed 11840K, reserved 425984K
}
Event: 24.103 GC heap before
{Heap before GC invocations=27 (full 0):
 garbage-first heap   total 140288K, used 125458K [0x0000000080000000, 0x0000000100000000)
  region size 1024K, 44 young (45056K), 5 survivors (5120K)
 Metaspace       used 75384K, committed 77504K, reserved 557056K
  class space    used 10756K, committed 11840K, reserved 425984K
}
Event: 24.115 GC heap after
{Heap after GC invocations=28 (full 0):
 garbage-first heap   total 236544K, used 89719K [0x0000000080000000, 0x0000000100000000)
  region size 1024K, 6 young (6144K), 6 survivors (6144K)
 Metaspace       used 75384K, committed 77504K, reserved 557056K
  class space    used 10756K, committed 11840K, reserved 425984K
}
Event: 26.287 GC heap before
{Heap before GC invocations=28 (full 0):
 garbage-first heap   total 236544K, used 191095K [0x0000000080000000, 0x0000000100000000)
  region size 1024K, 107 young (109568K), 6 survivors (6144K)
 Metaspace       used 75447K, committed 77568K, reserved 557056K
  class space    used 10760K, committed 11840K, reserved 425984K
}
Event: 26.298 GC heap after
{Heap after GC invocations=29 (full 0):
 garbage-first heap   total 236544K, used 93741K [0x0000000080000000, 0x0000000100000000)
  region size 1024K, 10 young (10240K), 10 survivors (10240K)
 Metaspace       used 75447K, committed 77568K, reserved 557056K
  class space    used 10760K, committed 11840K, reserved 425984K
}

